app/build/intermediates/manifest_merge_blame_file/debug/processDebugMainManifest/manifest-merger-blame-debug-report.txt
1<?xml version="1.0" encoding="utf-8"?>
2<manifest xmlns:android="http://schemas.android.com/apk/res/android"
3    package="com.niceapp.fof.lib"
4    android:versionCode="1"
5    android:versionName="1.1.3" >
6
7    <uses-sdk
7-->INJECTED
8        android:minSdkVersion="24"
8-->INJECTED
9        android:targetSdkVersion="36" />
9-->INJECTED
10
11    <uses-permission android:name="android.permission.INTERNET" />
11-->[:FOF_lib] AndroidManifest.xml:8:5-67
11-->[:FOF_lib] AndroidManifest.xml:8:22-64
12    <uses-permission android:name="android.permission.ACCESS_NETWORK_STATE" />
12-->[:FOF_lib] AndroidManifest.xml:9:5-79
12-->[:FOF_lib] AndroidManifest.xml:9:22-76
13
14    <queries>
14-->[com.facebook.android:audience-network-sdk:6.21.0] AndroidManifest.xml:11:5-13:15
15        <package android:name="com.facebook.katana" />
15-->[com.facebook.android:audience-network-sdk:6.21.0] AndroidManifest.xml:12:9-55
15-->[com.facebook.android:audience-network-sdk:6.21.0] AndroidManifest.xml:12:18-52
16        <!-- For browser content -->
17        <intent>
17-->[com.google.android.gms:play-services-ads-api:25.3.0] AndroidManifest.xml:38:9-44:18
18            <action android:name="android.intent.action.VIEW" />
18-->[com.google.android.gms:play-services-ads-api:25.3.0] AndroidManifest.xml:39:13-65
18-->[com.google.android.gms:play-services-ads-api:25.3.0] AndroidManifest.xml:39:21-62
19
20            <category android:name="android.intent.category.BROWSABLE" />
20-->[com.google.android.gms:play-services-ads-api:25.3.0] AndroidManifest.xml:41:13-74
20-->[com.google.android.gms:play-services-ads-api:25.3.0] AndroidManifest.xml:41:23-71
21
22            <data android:scheme="https" />
22-->[com.google.android.gms:play-services-ads-api:25.3.0] AndroidManifest.xml:43:13-44
22-->[com.google.android.gms:play-services-ads-api:25.3.0] AndroidManifest.xml:43:19-41
23        </intent> <!-- End of browser content -->
24        <!-- For CustomTabsService -->
25        <intent>
25-->[com.google.android.gms:play-services-ads-api:25.3.0] AndroidManifest.xml:47:9-49:18
26            <action android:name="android.support.customtabs.action.CustomTabsService" />
26-->[com.google.android.gms:play-services-ads-api:25.3.0] AndroidManifest.xml:48:13-90
26-->[com.google.android.gms:play-services-ads-api:25.3.0] AndroidManifest.xml:48:21-87
27        </intent> <!-- End of CustomTabsService -->
28        <!-- For MRAID capabilities -->
29        <intent>
29-->[com.google.android.gms:play-services-ads-api:25.3.0] AndroidManifest.xml:52:9-56:18
30            <action android:name="android.intent.action.INSERT" />
30-->[com.google.android.gms:play-services-ads-api:25.3.0] AndroidManifest.xml:53:13-67
30-->[com.google.android.gms:play-services-ads-api:25.3.0] AndroidManifest.xml:53:21-64
31
32            <data android:mimeType="vnd.android.cursor.dir/event" />
32-->[com.google.android.gms:play-services-ads-api:25.3.0] AndroidManifest.xml:43:13-44
33        </intent>
34        <intent>
34-->[com.google.android.gms:play-services-ads-api:25.3.0] AndroidManifest.xml:57:9-61:18
35            <action android:name="android.intent.action.VIEW" />
35-->[com.google.android.gms:play-services-ads-api:25.3.0] AndroidManifest.xml:39:13-65
35-->[com.google.android.gms:play-services-ads-api:25.3.0] AndroidManifest.xml:39:21-62
36
37            <data android:scheme="sms" />
37-->[com.google.android.gms:play-services-ads-api:25.3.0] AndroidManifest.xml:43:13-44
37-->[com.google.android.gms:play-services-ads-api:25.3.0] AndroidManifest.xml:43:19-41
38        </intent>
39        <intent>
39-->[com.google.android.gms:play-services-ads-api:25.3.0] AndroidManifest.xml:62:9-66:18
40            <action android:name="android.intent.action.DIAL" />
40-->[com.google.android.gms:play-services-ads-api:25.3.0] AndroidManifest.xml:63:13-65
40-->[com.google.android.gms:play-services-ads-api:25.3.0] AndroidManifest.xml:63:21-62
41
42            <data android:path="tel:" />
42-->[com.google.android.gms:play-services-ads-api:25.3.0] AndroidManifest.xml:43:13-44
43        </intent>
44    </queries>
45
46    <uses-permission android:name="android.permission.ACCESS_ADSERVICES_AD_ID" />
46-->[com.google.android.gms:play-services-ads-api:25.3.0] AndroidManifest.xml:27:5-82
46-->[com.google.android.gms:play-services-ads-api:25.3.0] AndroidManifest.xml:27:22-79
47    <uses-permission android:name="android.permission.ACCESS_ADSERVICES_ATTRIBUTION" />
47-->[com.google.android.gms:play-services-ads-api:25.3.0] AndroidManifest.xml:28:5-88
47-->[com.google.android.gms:play-services-ads-api:25.3.0] AndroidManifest.xml:28:22-85
48    <uses-permission android:name="android.permission.ACCESS_ADSERVICES_TOPICS" />
48-->[com.google.android.gms:play-services-ads-api:25.3.0] AndroidManifest.xml:29:5-83
48-->[com.google.android.gms:play-services-ads-api:25.3.0] AndroidManifest.xml:29:22-80
49    <uses-permission android:name="android.permission.WAKE_LOCK" />
49-->[com.google.android.gms:play-services-measurement-sdk-api:20.1.2] AndroidManifest.xml:25:5-68
49-->[com.google.android.gms:play-services-measurement-sdk-api:20.1.2] AndroidManifest.xml:25:22-65
50    <uses-permission android:name="android.permission.FOREGROUND_SERVICE" />
50-->[androidx.work:work-runtime:2.7.0] AndroidManifest.xml:28:5-77
50-->[androidx.work:work-runtime:2.7.0] AndroidManifest.xml:28:22-74
51
52    <permission
52-->[androidx.core:core:1.13.1] AndroidManifest.xml:22:5-24:47
53        android:name="com.niceapp.fof.lib.DYNAMIC_RECEIVER_NOT_EXPORTED_PERMISSION"
53-->[androidx.core:core:1.13.1] AndroidManifest.xml:23:9-81
54        android:protectionLevel="signature" />
54-->[androidx.core:core:1.13.1] AndroidManifest.xml:24:9-44
55
56    <uses-permission android:name="com.niceapp.fof.lib.DYNAMIC_RECEIVER_NOT_EXPORTED_PERMISSION" />
56-->[androidx.core:core:1.13.1] AndroidManifest.xml:26:5-97
56-->[androidx.core:core:1.13.1] AndroidManifest.xml:26:22-94
57
58    <application
58-->src\main\AndroidManifest.xml:5:4-34:19
59        android:allowBackup="true"
59-->src\main\AndroidManifest.xml:6:9-35
60        android:appComponentFactory="androidx.core.app.CoreComponentFactory"
60-->[androidx.core:core:1.13.1] AndroidManifest.xml:28:18-86
61        android:dataExtractionRules="@xml/data_extraction_rules"
61-->src\main\AndroidManifest.xml:7:9-65
62        android:debuggable="true"
63        android:extractNativeLibs="false"
63-->INJECTED
64        android:fullBackupContent="@xml/backup_rules"
64-->src\main\AndroidManifest.xml:8:9-54
65        android:icon="@drawable/app_icon"
65-->src\main\AndroidManifest.xml:9:9-42
66        android:label="@string/app_name"
66-->src\main\AndroidManifest.xml:10:9-41
67        android:roundIcon="@drawable/app_icon"
67-->src\main\AndroidManifest.xml:11:9-47
68        android:supportsRtl="true"
68-->src\main\AndroidManifest.xml:12:9-35
69        android:testOnly="true"
70        android:theme="@style/Theme.AdsLibrary" >
70-->src\main\AndroidManifest.xml:13:9-48
71        <meta-data
71-->src\main\AndroidManifest.xml:15:9-17:70
72            android:name="com.google.android.gms.ads.APPLICATION_ID"
72-->src\main\AndroidManifest.xml:16:13-69
73            android:value="ca-app-pub-3940256099942544~3347511713" />
73-->src\main\AndroidManifest.xml:17:13-67
74
75        <activity
75-->src\main\AndroidManifest.xml:19:9-21:40
76            android:name="com.niceapps.fof.lib.FinalActivity"
76-->src\main\AndroidManifest.xml:20:13-62
77            android:exported="false" />
77-->src\main\AndroidManifest.xml:21:13-37
78        <activity
78-->src\main\AndroidManifest.xml:22:9-30:20
79            android:name="com.niceapps.fof.lib.TestActivity"
79-->src\main\AndroidManifest.xml:23:13-61
80            android:exported="true" >
80-->src\main\AndroidManifest.xml:24:13-36
81            <intent-filter>
81-->src\main\AndroidManifest.xml:25:13-29:29
82                <action android:name="android.intent.action.MAIN" />
82-->src\main\AndroidManifest.xml:26:17-69
82-->src\main\AndroidManifest.xml:26:25-66
83
84                <category android:name="android.intent.category.LAUNCHER" />
84-->src\main\AndroidManifest.xml:28:17-77
84-->src\main\AndroidManifest.xml:28:27-74
85            </intent-filter>
86        </activity>
87
88        <meta-data
88-->src\main\AndroidManifest.xml:31:9-33:37
89            android:name="com.google.android.gms.ads.flag.NATIVE_AD_DEBUGGER_ENABLED"
89-->src\main\AndroidManifest.xml:32:13-86
90            android:value="false" />
90-->src\main\AndroidManifest.xml:33:13-34
91
92        <activity
92-->[:FOF_lib] AndroidManifest.xml:15:9-18:52
93            android:name="com.niceapps.fofscr.lib.activities.LanguageScreenOne"
93-->[:FOF_lib] AndroidManifest.xml:16:13-80
94            android:exported="false"
94-->[:FOF_lib] AndroidManifest.xml:17:13-37
95            android:screenOrientation="portrait" />
95-->[:FOF_lib] AndroidManifest.xml:18:13-49
96        <activity
96-->[:FOF_lib] AndroidManifest.xml:19:9-22:52
97            android:name="com.niceapps.fofscr.lib.activities.LanguageScreenDup"
97-->[:FOF_lib] AndroidManifest.xml:20:13-80
98            android:exported="false"
98-->[:FOF_lib] AndroidManifest.xml:21:13-37
99            android:screenOrientation="portrait" />
99-->[:FOF_lib] AndroidManifest.xml:22:13-49
100        <activity
100-->[:FOF_lib] AndroidManifest.xml:23:9-26:52
101            android:name="com.niceapps.fofscr.lib.activities.WelcomeScreenOne"
101-->[:FOF_lib] AndroidManifest.xml:24:13-79
102            android:exported="true"
102-->[:FOF_lib] AndroidManifest.xml:25:13-36
103            android:screenOrientation="portrait" />
103-->[:FOF_lib] AndroidManifest.xml:26:13-49
104        <activity
104-->[:FOF_lib] AndroidManifest.xml:27:9-30:52
105            android:name="com.niceapps.fofscr.lib.activities.WelcomeScreenDup"
105-->[:FOF_lib] AndroidManifest.xml:28:13-79
106            android:exported="true"
106-->[:FOF_lib] AndroidManifest.xml:29:13-36
107            android:screenOrientation="portrait" />
107-->[:FOF_lib] AndroidManifest.xml:30:13-49
108        <activity
108-->[:FOF_lib] AndroidManifest.xml:31:9-34:52
109            android:name="com.niceapps.fofscr.lib.activities.WalkThroughConfigActivity"
109-->[:FOF_lib] AndroidManifest.xml:32:13-88
110            android:exported="true"
110-->[:FOF_lib] AndroidManifest.xml:33:13-36
111            android:screenOrientation="portrait" />
111-->[:FOF_lib] AndroidManifest.xml:34:13-49
112
113        <meta-data
113-->[:FOF_lib] AndroidManifest.xml:36:9-38:57
114            android:name="preloaded_fonts"
114-->[:FOF_lib] AndroidManifest.xml:37:13-43
115            android:resource="@array/preloaded_fonts" />
115-->[:FOF_lib] AndroidManifest.xml:38:13-54
116
117        <activity
117-->[com.facebook.android:audience-network-sdk:6.21.0] AndroidManifest.xml:20:9-24:75
118            android:name="com.facebook.ads.AudienceNetworkActivity"
118-->[com.facebook.android:audience-network-sdk:6.21.0] AndroidManifest.xml:21:13-68
119            android:configChanges="keyboardHidden|orientation|screenSize|smallestScreenSize|screenLayout"
119-->[com.facebook.android:audience-network-sdk:6.21.0] AndroidManifest.xml:22:13-106
120            android:exported="false"
120-->[com.facebook.android:audience-network-sdk:6.21.0] AndroidManifest.xml:23:13-37
121            android:theme="@android:style/Theme.Translucent.NoTitleBar" />
121-->[com.facebook.android:audience-network-sdk:6.21.0] AndroidManifest.xml:24:13-72
122
123        <provider
123-->[com.facebook.android:audience-network-sdk:6.21.0] AndroidManifest.xml:26:9-29:40
124            android:name="com.facebook.ads.AudienceNetworkContentProvider"
124-->[com.facebook.android:audience-network-sdk:6.21.0] AndroidManifest.xml:27:13-75
125            android:authorities="com.niceapp.fof.lib.AudienceNetworkContentProvider"
125-->[com.facebook.android:audience-network-sdk:6.21.0] AndroidManifest.xml:28:13-82
126            android:exported="false" /> <!-- Include the AdActivity and InAppPurchaseActivity configChanges and themes. -->
126-->[com.facebook.android:audience-network-sdk:6.21.0] AndroidManifest.xml:29:13-37
127        <activity
127-->[com.google.android.gms:play-services-ads-api:25.3.0] AndroidManifest.xml:73:9-79:43
128            android:name="com.google.android.gms.ads.AdActivity"
128-->[com.google.android.gms:play-services-ads-api:25.3.0] AndroidManifest.xml:74:13-65
129            android:configChanges="keyboard|keyboardHidden|orientation|screenLayout|uiMode|screenSize|smallestScreenSize"
129-->[com.google.android.gms:play-services-ads-api:25.3.0] AndroidManifest.xml:75:13-122
130            android:enableOnBackInvokedCallback="false"
130-->[com.google.android.gms:play-services-ads-api:25.3.0] AndroidManifest.xml:76:13-56
131            android:exported="false"
131-->[com.google.android.gms:play-services-ads-api:25.3.0] AndroidManifest.xml:77:13-37
132            android:theme="@android:style/Theme.Translucent" />
132-->[com.google.android.gms:play-services-ads-api:25.3.0] AndroidManifest.xml:78:13-61
133
134        <provider
134-->[com.google.android.gms:play-services-ads-api:25.3.0] AndroidManifest.xml:81:9-86:43
135            android:name="com.google.android.gms.ads.MobileAdsInitProvider"
135-->[com.google.android.gms:play-services-ads-api:25.3.0] AndroidManifest.xml:82:13-76
136            android:authorities="com.niceapp.fof.lib.mobileadsinitprovider"
136-->[com.google.android.gms:play-services-ads-api:25.3.0] AndroidManifest.xml:83:13-73
137            android:exported="false"
137-->[com.google.android.gms:play-services-ads-api:25.3.0] AndroidManifest.xml:84:13-37
138            android:initOrder="100" />
138-->[com.google.android.gms:play-services-ads-api:25.3.0] AndroidManifest.xml:85:13-36
139
140        <service
140-->[com.google.android.gms:play-services-ads-api:25.3.0] AndroidManifest.xml:88:9-92:43
141            android:name="com.google.android.gms.ads.AdService"
141-->[com.google.android.gms:play-services-ads-api:25.3.0] AndroidManifest.xml:89:13-64
142            android:enabled="true"
142-->[com.google.android.gms:play-services-ads-api:25.3.0] AndroidManifest.xml:90:13-35
143            android:exported="false" />
143-->[com.google.android.gms:play-services-ads-api:25.3.0] AndroidManifest.xml:91:13-37
144
145        <activity
145-->[com.google.android.gms:play-services-ads-api:25.3.0] AndroidManifest.xml:94:9-98:43
146            android:name="com.google.android.gms.ads.OutOfContextTestingActivity"
146-->[com.google.android.gms:play-services-ads-api:25.3.0] AndroidManifest.xml:95:13-82
147            android:configChanges="keyboard|keyboardHidden|orientation|screenLayout|uiMode|screenSize|smallestScreenSize"
147-->[com.google.android.gms:play-services-ads-api:25.3.0] AndroidManifest.xml:96:13-122
148            android:exported="false" />
148-->[com.google.android.gms:play-services-ads-api:25.3.0] AndroidManifest.xml:97:13-37
149        <activity
149-->[com.google.android.gms:play-services-ads-api:25.3.0] AndroidManifest.xml:99:9-106:43
150            android:name="com.google.android.gms.ads.NotificationHandlerActivity"
150-->[com.google.android.gms:play-services-ads-api:25.3.0] AndroidManifest.xml:100:13-82
151            android:excludeFromRecents="true"
151-->[com.google.android.gms:play-services-ads-api:25.3.0] AndroidManifest.xml:101:13-46
152            android:exported="false"
152-->[com.google.android.gms:play-services-ads-api:25.3.0] AndroidManifest.xml:102:13-37
153            android:launchMode="singleTask"
153-->[com.google.android.gms:play-services-ads-api:25.3.0] AndroidManifest.xml:103:13-44
154            android:taskAffinity=""
154-->[com.google.android.gms:play-services-ads-api:25.3.0] AndroidManifest.xml:104:13-36
155            android:theme="@android:style/Theme.Translucent.NoTitleBar" />
155-->[com.google.android.gms:play-services-ads-api:25.3.0] AndroidManifest.xml:105:13-72
156
157        <meta-data
157-->[com.google.android.gms:play-services-ads-api:25.3.0] AndroidManifest.xml:108:9-110:36
158            android:name="com.google.android.gms.ads.flag.OPTIMIZE_AD_LOADING"
158-->[com.google.android.gms:play-services-ads-api:25.3.0] AndroidManifest.xml:109:13-79
159            android:value="true" />
159-->[com.google.android.gms:play-services-ads-api:25.3.0] AndroidManifest.xml:110:13-33
160        <meta-data
160-->[com.google.android.gms:play-services-ads-api:25.3.0] AndroidManifest.xml:111:9-113:36
161            android:name="com.google.android.gms.ads.flag.OPTIMIZE_INITIALIZATION"
161-->[com.google.android.gms:play-services-ads-api:25.3.0] AndroidManifest.xml:112:13-83
162            android:value="true" />
162-->[com.google.android.gms:play-services-ads-api:25.3.0] AndroidManifest.xml:113:13-33
163
164        <activity
164-->[com.google.android.gms:play-services-base:18.0.0] AndroidManifest.xml:20:9-22:45
165            android:name="com.google.android.gms.common.api.GoogleApiActivity"
165-->[com.google.android.gms:play-services-base:18.0.0] AndroidManifest.xml:20:19-85
166            android:exported="false"
166-->[com.google.android.gms:play-services-base:18.0.0] AndroidManifest.xml:22:19-43
167            android:theme="@android:style/Theme.Translucent.NoTitleBar" />
167-->[com.google.android.gms:play-services-base:18.0.0] AndroidManifest.xml:21:19-78
168
169        <meta-data
169-->[com.google.android.gms:play-services-basement:18.9.0] AndroidManifest.xml:21:9-23:69
170            android:name="com.google.android.gms.version"
170-->[com.google.android.gms:play-services-basement:18.9.0] AndroidManifest.xml:22:13-58
171            android:value="@integer/google_play_services_version" />
171-->[com.google.android.gms:play-services-basement:18.9.0] AndroidManifest.xml:23:13-66
172
173        <provider
173-->[androidx.emoji2:emoji2:1.3.0] AndroidManifest.xml:24:9-32:20
174            android:name="androidx.startup.InitializationProvider"
174-->[androidx.emoji2:emoji2:1.3.0] AndroidManifest.xml:25:13-67
175            android:authorities="com.niceapp.fof.lib.androidx-startup"
175-->[androidx.emoji2:emoji2:1.3.0] AndroidManifest.xml:26:13-68
176            android:exported="false" >
176-->[androidx.emoji2:emoji2:1.3.0] AndroidManifest.xml:27:13-37
177            <meta-data
177-->[androidx.emoji2:emoji2:1.3.0] AndroidManifest.xml:29:13-31:52
178                android:name="androidx.emoji2.text.EmojiCompatInitializer"
178-->[androidx.emoji2:emoji2:1.3.0] AndroidManifest.xml:30:17-75
179                android:value="androidx.startup" />
179-->[androidx.emoji2:emoji2:1.3.0] AndroidManifest.xml:31:17-49
180            <meta-data
180-->[androidx.work:work-runtime:2.7.0] AndroidManifest.xml:36:13-38:52
181                android:name="androidx.work.WorkManagerInitializer"
181-->[androidx.work:work-runtime:2.7.0] AndroidManifest.xml:37:17-68
182                android:value="androidx.startup" />
182-->[androidx.work:work-runtime:2.7.0] AndroidManifest.xml:38:17-49
183            <meta-data
183-->[androidx.lifecycle:lifecycle-process:2.10.0] AndroidManifest.xml:29:13-31:52
184                android:name="androidx.lifecycle.ProcessLifecycleInitializer"
184-->[androidx.lifecycle:lifecycle-process:2.10.0] AndroidManifest.xml:30:17-78
185                android:value="androidx.startup" />
185-->[androidx.lifecycle:lifecycle-process:2.10.0] AndroidManifest.xml:31:17-49
186            <meta-data
186-->[androidx.profileinstaller:profileinstaller:1.4.0] AndroidManifest.xml:29:13-31:52
187                android:name="androidx.profileinstaller.ProfileInstallerInitializer"
187-->[androidx.profileinstaller:profileinstaller:1.4.0] AndroidManifest.xml:30:17-85
188                android:value="androidx.startup" />
188-->[androidx.profileinstaller:profileinstaller:1.4.0] AndroidManifest.xml:31:17-49
189        </provider>
190
191        <service
191-->[androidx.work:work-runtime:2.7.0] AndroidManifest.xml:41:9-46:35
192            android:name="androidx.work.impl.background.systemalarm.SystemAlarmService"
192-->[androidx.work:work-runtime:2.7.0] AndroidManifest.xml:42:13-88
193            android:directBootAware="false"
193-->[androidx.work:work-runtime:2.7.0] AndroidManifest.xml:43:13-44
194            android:enabled="@bool/enable_system_alarm_service_default"
194-->[androidx.work:work-runtime:2.7.0] AndroidManifest.xml:44:13-72
195            android:exported="false" />
195-->[androidx.work:work-runtime:2.7.0] AndroidManifest.xml:45:13-37
196        <service
196-->[androidx.work:work-runtime:2.7.0] AndroidManifest.xml:47:9-53:35
197            android:name="androidx.work.impl.background.systemjob.SystemJobService"
197-->[androidx.work:work-runtime:2.7.0] AndroidManifest.xml:48:13-84
198            android:directBootAware="false"
198-->[androidx.work:work-runtime:2.7.0] AndroidManifest.xml:49:13-44
199            android:enabled="@bool/enable_system_job_service_default"
199-->[androidx.work:work-runtime:2.7.0] AndroidManifest.xml:50:13-70
200            android:exported="true"
200-->[androidx.work:work-runtime:2.7.0] AndroidManifest.xml:51:13-36
201            android:permission="android.permission.BIND_JOB_SERVICE" />
201-->[androidx.work:work-runtime:2.7.0] AndroidManifest.xml:52:13-69
202        <service
202-->[androidx.work:work-runtime:2.7.0] AndroidManifest.xml:54:9-59:35
203            android:name="androidx.work.impl.foreground.SystemForegroundService"
203-->[androidx.work:work-runtime:2.7.0] AndroidManifest.xml:55:13-81
204            android:directBootAware="false"
204-->[androidx.work:work-runtime:2.7.0] AndroidManifest.xml:56:13-44
205            android:enabled="@bool/enable_system_foreground_service_default"
205-->[androidx.work:work-runtime:2.7.0] AndroidManifest.xml:57:13-77
206            android:exported="false" />
206-->[androidx.work:work-runtime:2.7.0] AndroidManifest.xml:58:13-37
207
208        <receiver
208-->[androidx.work:work-runtime:2.7.0] AndroidManifest.xml:61:9-66:35
209            android:name="androidx.work.impl.utils.ForceStopRunnable$BroadcastReceiver"
209-->[androidx.work:work-runtime:2.7.0] AndroidManifest.xml:62:13-88
210            android:directBootAware="false"
210-->[androidx.work:work-runtime:2.7.0] AndroidManifest.xml:63:13-44
211            android:enabled="true"
211-->[androidx.work:work-runtime:2.7.0] AndroidManifest.xml:64:13-35
212            android:exported="false" />
212-->[androidx.work:work-runtime:2.7.0] AndroidManifest.xml:65:13-37
213        <receiver
213-->[androidx.work:work-runtime:2.7.0] AndroidManifest.xml:67:9-77:20
214            android:name="androidx.work.impl.background.systemalarm.ConstraintProxy$BatteryChargingProxy"
214-->[androidx.work:work-runtime:2.7.0] AndroidManifest.xml:68:13-106
215            android:directBootAware="false"
215-->[androidx.work:work-runtime:2.7.0] AndroidManifest.xml:69:13-44
216            android:enabled="false"
216-->[androidx.work:work-runtime:2.7.0] AndroidManifest.xml:70:13-36
217            android:exported="false" >
217-->[androidx.work:work-runtime:2.7.0] AndroidManifest.xml:71:13-37
218            <intent-filter>
218-->[androidx.work:work-runtime:2.7.0] AndroidManifest.xml:73:13-76:29
219                <action android:name="android.intent.action.ACTION_POWER_CONNECTED" />
219-->[androidx.work:work-runtime:2.7.0] AndroidManifest.xml:74:17-87
219-->[androidx.work:work-runtime:2.7.0] AndroidManifest.xml:74:25-84
220                <action android:name="android.intent.action.ACTION_POWER_DISCONNECTED" />
220-->[androidx.work:work-runtime:2.7.0] AndroidManifest.xml:75:17-90
220-->[androidx.work:work-runtime:2.7.0] AndroidManifest.xml:75:25-87
221            </intent-filter>
222        </receiver>
223        <receiver
223-->[androidx.work:work-runtime:2.7.0] AndroidManifest.xml:78:9-88:20
224            android:name="androidx.work.impl.background.systemalarm.ConstraintProxy$BatteryNotLowProxy"
224-->[androidx.work:work-runtime:2.7.0] AndroidManifest.xml:79:13-104
225            android:directBootAware="false"
225-->[androidx.work:work-runtime:2.7.0] AndroidManifest.xml:80:13-44
226            android:enabled="false"
226-->[androidx.work:work-runtime:2.7.0] AndroidManifest.xml:81:13-36
227            android:exported="false" >
227-->[androidx.work:work-runtime:2.7.0] AndroidManifest.xml:82:13-37
228            <intent-filter>
228-->[androidx.work:work-runtime:2.7.0] AndroidManifest.xml:84:13-87:29
229                <action android:name="android.intent.action.BATTERY_OKAY" />
229-->[androidx.work:work-runtime:2.7.0] AndroidManifest.xml:85:17-77
229-->[androidx.work:work-runtime:2.7.0] AndroidManifest.xml:85:25-74
230                <action android:name="android.intent.action.BATTERY_LOW" />
230-->[androidx.work:work-runtime:2.7.0] AndroidManifest.xml:86:17-76
230-->[androidx.work:work-runtime:2.7.0] AndroidManifest.xml:86:25-73
231            </intent-filter>
232        </receiver>
233        <receiver
233-->[androidx.work:work-runtime:2.7.0] AndroidManifest.xml:89:9-99:20
234            android:name="androidx.work.impl.background.systemalarm.ConstraintProxy$StorageNotLowProxy"
234-->[androidx.work:work-runtime:2.7.0] AndroidManifest.xml:90:13-104
235            android:directBootAware="false"
235-->[androidx.work:work-runtime:2.7.0] AndroidManifest.xml:91:13-44
236            android:enabled="false"
236-->[androidx.work:work-runtime:2.7.0] AndroidManifest.xml:92:13-36
237            android:exported="false" >
237-->[androidx.work:work-runtime:2.7.0] AndroidManifest.xml:93:13-37
238            <intent-filter>
238-->[androidx.work:work-runtime:2.7.0] AndroidManifest.xml:95:13-98:29
239                <action android:name="android.intent.action.DEVICE_STORAGE_LOW" />
239-->[androidx.work:work-runtime:2.7.0] AndroidManifest.xml:96:17-83
239-->[androidx.work:work-runtime:2.7.0] AndroidManifest.xml:96:25-80
240                <action android:name="android.intent.action.DEVICE_STORAGE_OK" />
240-->[androidx.work:work-runtime:2.7.0] AndroidManifest.xml:97:17-82
240-->[androidx.work:work-runtime:2.7.0] AndroidManifest.xml:97:25-79
241            </intent-filter>
242        </receiver>
243        <receiver
243-->[androidx.work:work-runtime:2.7.0] AndroidManifest.xml:100:9-109:20
244            android:name="androidx.work.impl.background.systemalarm.ConstraintProxy$NetworkStateProxy"
244-->[androidx.work:work-runtime:2.7.0] AndroidManifest.xml:101:13-103
245            android:directBootAware="false"
245-->[androidx.work:work-runtime:2.7.0] AndroidManifest.xml:102:13-44
246            android:enabled="false"
246-->[androidx.work:work-runtime:2.7.0] AndroidManifest.xml:103:13-36
247            android:exported="false" >
247-->[androidx.work:work-runtime:2.7.0] AndroidManifest.xml:104:13-37
248            <intent-filter>
248-->[androidx.work:work-runtime:2.7.0] AndroidManifest.xml:106:13-108:29
249                <action android:name="android.net.conn.CONNECTIVITY_CHANGE" />
249-->[androidx.work:work-runtime:2.7.0] AndroidManifest.xml:107:17-79
249-->[androidx.work:work-runtime:2.7.0] AndroidManifest.xml:107:25-76
250            </intent-filter>
251        </receiver>
252        <receiver
252-->[androidx.work:work-runtime:2.7.0] AndroidManifest.xml:110:9-121:20
253            android:name="androidx.work.impl.background.systemalarm.RescheduleReceiver"
253-->[androidx.work:work-runtime:2.7.0] AndroidManifest.xml:111:13-88
254            android:directBootAware="false"
254-->[androidx.work:work-runtime:2.7.0] AndroidManifest.xml:112:13-44
255            android:enabled="false"
255-->[androidx.work:work-runtime:2.7.0] AndroidManifest.xml:113:13-36
256            android:exported="false" >
256-->[androidx.work:work-runtime:2.7.0] AndroidManifest.xml:114:13-37
257            <intent-filter>
257-->[androidx.work:work-runtime:2.7.0] AndroidManifest.xml:116:13-120:29
258                <action android:name="android.intent.action.BOOT_COMPLETED" />
258-->[androidx.work:work-runtime:2.7.0] AndroidManifest.xml:117:17-79
258-->[androidx.work:work-runtime:2.7.0] AndroidManifest.xml:117:25-76
259                <action android:name="android.intent.action.TIME_SET" />
259-->[androidx.work:work-runtime:2.7.0] AndroidManifest.xml:118:17-73
259-->[androidx.work:work-runtime:2.7.0] AndroidManifest.xml:118:25-70
260                <action android:name="android.intent.action.TIMEZONE_CHANGED" />
260-->[androidx.work:work-runtime:2.7.0] AndroidManifest.xml:119:17-81
260-->[androidx.work:work-runtime:2.7.0] AndroidManifest.xml:119:25-78
261            </intent-filter>
262        </receiver>
263        <receiver
263-->[androidx.work:work-runtime:2.7.0] AndroidManifest.xml:122:9-131:20
264            android:name="androidx.work.impl.background.systemalarm.ConstraintProxyUpdateReceiver"
264-->[androidx.work:work-runtime:2.7.0] AndroidManifest.xml:123:13-99
265            android:directBootAware="false"
265-->[androidx.work:work-runtime:2.7.0] AndroidManifest.xml:124:13-44
266            android:enabled="@bool/enable_system_alarm_service_default"
266-->[androidx.work:work-runtime:2.7.0] AndroidManifest.xml:125:13-72
267            android:exported="false" >
267-->[androidx.work:work-runtime:2.7.0] AndroidManifest.xml:126:13-37
268            <intent-filter>
268-->[androidx.work:work-runtime:2.7.0] AndroidManifest.xml:128:13-130:29
269                <action android:name="androidx.work.impl.background.systemalarm.UpdateProxies" />
269-->[androidx.work:work-runtime:2.7.0] AndroidManifest.xml:129:17-98
269-->[androidx.work:work-runtime:2.7.0] AndroidManifest.xml:129:25-95
270            </intent-filter>
271        </receiver>
272        <receiver
272-->[androidx.work:work-runtime:2.7.0] AndroidManifest.xml:132:9-142:20
273            android:name="androidx.work.impl.diagnostics.DiagnosticsReceiver"
273-->[androidx.work:work-runtime:2.7.0] AndroidManifest.xml:133:13-78
274            android:directBootAware="false"
274-->[androidx.work:work-runtime:2.7.0] AndroidManifest.xml:134:13-44
275            android:enabled="true"